<?xml version="1.0" encoding="UTF-8"?>
<testsuite xmlns:xsi="http://www.w3.org/2001/XMLSchema-instance" xsi:noNamespaceSchemaLocation="https://maven.apache.org/surefire/maven-surefire-plugin/xsd/surefire-test-report-3.0.xsd" version="3.0" name="com.example.demo.Test1ApplicationTests" time="3.022" tests="1" errors="0" skipped="0" failures="0">
  <properties>
[...]
</properties>
  <testcase name="contextLoads" classname="com.example.demo.Test1ApplicationTests" time="0.822">
    <system-out><![CDATA[10:10:49.950 [main] INFO org.springframework.test.context.support.AnnotationConfigContextLoaderUtils -- Could not detect default configuration classes for test class [com.example.demo.Test1ApplicationTests]: Test1ApplicationTests does not declare any static, non-private, non-final, nested classes annotated with @Configuration.
10:10:50.090 [main] INFO org.springframework.boot.test.context.SpringBootTestContextBootstrapper -- Found @SpringBootConfiguration com.example.demo.Test1Application for test class com.example.demo.Test1ApplicationTests
10:10:50.277 [main] INFO org.springframework.boot.devtools.restart.RestartApplicationListener -- Restart disabled due to context in which it is running

  .   ____          _            __ _ _
 /\\ / ___'_ __ _ _(_)_ __  __ _ \ \ \ \
( ( )\___ | '_ | '_| | '_ \/ _` | \ \ \ \
 \\/  ___)| |_)| | | | | || (_| |  ) ) ) )
  '  |____| .__|_| |_|_| |_\__, | / / / /
 =========|_|==============|___/=/_/_/_/
 :: Spring Boot ::                (v3.2.2)

2024-01-22T10:10:50.572+09:00  INFO 12600 --- [           main] com.example.demo.Test1ApplicationTests   : Starting Test1ApplicationTests using Java 20.0.2 with PID 12600 (started by mrvnp in D:\workspace\Test\Test1)
2024-01-22T10:10:50.574+09:00  INFO 12600 --- [           main] com.example.demo.Test1ApplicationTests   : No active profile set, falling back to 1 default profile: "default"
2024-01-22T10:10:51.938+09:00  INFO 12600 --- [           main] com.example.demo.Test1ApplicationTests   : Started Test1ApplicationTests in 1.673 seconds (process running for 2.777)
]]></system-out>
  </testcase>
</testsuite>