<?xml version="1.0" encoding="UTF-8"?>
<testsuite xmlns:xsi="http://www.w3.org/2001/XMLSchema-instance" xsi:noNamespaceSchemaLocation="https://maven.apache.org/surefire/maven-surefire-plugin/xsd/surefire-test-report-3.0.xsd" version="3.0" name="com.example.demo.Test1ApplicationTests" time="19.942" tests="1" errors="0" skipped="0" failures="0">
  <properties>
[...]
</properties>
  <testcase name="contextLoads" classname="com.example.demo.Test1ApplicationTests" time="0.635">
    <system-out><![CDATA[14:45:45.693 [main] INFO org.springframework.test.context.support.AnnotationConfigContextLoaderUtils -- Could not detect default configuration classes for test class [com.example.demo.Test1ApplicationTests]: Test1ApplicationTests does not declare any static, non-private, non-final, nested classes annotated with @Configuration.
14:45:45.833 [main] INFO org.springframework.boot.test.context.SpringBootTestContextBootstrapper -- Found @SpringBootConfiguration com.example.demo.Test1Application for test class com.example.demo.Test1ApplicationTests
14:45:46.061 [main] INFO org.springframework.boot.devtools.restart.RestartApplicationListener -- Restart disabled due to context in which it is running

  .   ____          _            __ _ _
 /\\ / ___'_ __ _ _(_)_ __  __ _ \ \ \ \
( ( )\___ | '_ | '_| | '_ \/ _` | \ \ \ \
 \\/  ___)| |_)| | | | | || (_| |  ) ) ) )
  '  |____| .__|_| |_|_| |_\__, | / / / /
 =========|_|==============|___/=/_/_/_/
 :: Spring Boot ::                (v3.2.2)

2024-01-22T14:45:46.330+09:00  INFO 1772 --- [           main] com.example.demo.Test1ApplicationTests   : Starting Test1ApplicationTests using Java 20.0.2 with PID 1772 (started by mrvnp in D:\workspace\Test\Test1)
2024-01-22T14:45:46.332+09:00  INFO 1772 --- [           main] com.example.demo.Test1ApplicationTests   : No active profile set, falling back to 1 default profile: "default"
2024-01-22T14:45:47.256+09:00  INFO 1772 --- [           main] .s.d.r.c.RepositoryConfigurationDelegate : Bootstrapping Spring Data JPA repositories in DEFAULT mode.
2024-01-22T14:45:47.320+09:00  INFO 1772 --- [           main] .s.d.r.c.RepositoryConfigurationDelegate : Finished Spring Data repository scanning in 50 ms. Found 1 JPA repository interface.
2024-01-22T14:45:50.128+09:00  INFO 1772 --- [           main] o.f.c.internal.license.VersionPrinter    : Flyway Community Edition 9.22.3 by Redgate
2024-01-22T14:45:50.129+09:00  INFO 1772 --- [           main] o.f.c.internal.license.VersionPrinter    : See release notes here: https://rd.gt/416ObMi
2024-01-22T14:45:50.129+09:00  INFO 1772 --- [           main] o.f.c.internal.license.VersionPrinter    : 
2024-01-22T14:45:51.719+09:00  INFO 1772 --- [           main] org.flywaydb.core.FlywayExecutor         : Database: jdbc:postgresql://dpg-cmmt8hud3nmc73f58go0-a.oregon-postgres.render.com:5432/sqldatabase_v5f0 (PostgreSQL 15.5)
2024-01-22T14:45:54.069+09:00  INFO 1772 --- [           main] o.f.core.internal.command.DbValidate     : Successfully validated 1 migration (execution time 00:00.821s)
2024-01-22T14:45:57.238+09:00  INFO 1772 --- [           main] o.f.core.internal.command.DbMigrate      : Current version of schema "public": 1
2024-01-22T14:45:57.446+09:00  INFO 1772 --- [           main] o.f.core.internal.command.DbMigrate      : Schema "public" is up to date. No migration necessary.
2024-01-22T14:45:59.013+09:00  INFO 1772 --- [           main] o.hibernate.jpa.internal.util.LogHelper  : HHH000204: Processing PersistenceUnitInfo [name: default]
2024-01-22T14:45:59.131+09:00  INFO 1772 --- [           main] org.hibernate.Version                    : HHH000412: Hibernate ORM core version 6.4.1.Final
2024-01-22T14:45:59.187+09:00  INFO 1772 --- [           main] o.h.c.internal.RegionFactoryInitiator    : HHH000026: Second-level cache disabled
2024-01-22T14:45:59.538+09:00  INFO 1772 --- [           main] o.s.o.j.p.SpringPersistenceUnitInfo      : No LoadTimeWeaver setup: ignoring JPA class transformer
2024-01-22T14:45:59.568+09:00  INFO 1772 --- [           main] com.zaxxer.hikari.HikariDataSource       : HikariPool-1 - Starting...
2024-01-22T14:46:01.438+09:00  INFO 1772 --- [           main] com.zaxxer.hikari.pool.HikariPool        : HikariPool-1 - Added connection org.postgresql.jdbc.PgConnection@5ba184fc
2024-01-22T14:46:01.439+09:00  INFO 1772 --- [           main] com.zaxxer.hikari.HikariDataSource       : HikariPool-1 - Start completed.
2024-01-22T14:46:03.014+09:00  INFO 1772 --- [           main] o.h.e.t.j.p.i.JtaPlatformInitiator       : HHH000489: No JTA platform available (set 'hibernate.transaction.jta.platform' to enable JTA platform integration)
2024-01-22T14:46:03.594+09:00  INFO 1772 --- [           main] j.LocalContainerEntityManagerFactoryBean : Initialized JPA EntityManagerFactory for persistence unit 'default'
2024-01-22T14:46:04.168+09:00  WARN 1772 --- [           main] JpaBaseConfiguration$JpaWebConfiguration : spring.jpa.open-in-view is enabled by default. Therefore, database queries may be performed during view rendering. Explicitly configure spring.jpa.open-in-view to disable this warning
2024-01-22T14:46:04.563+09:00  WARN 1772 --- [           main] ion$DefaultTemplateResolverConfiguration : Cannot find template location: classpath:/templates/ (please add some templates, check your Thymeleaf configuration, or set spring.thymeleaf.check-template-location=false)
2024-01-22T14:46:04.766+09:00  INFO 1772 --- [           main] com.example.demo.Test1ApplicationTests   : Started Test1ApplicationTests in 18.727 seconds (process running for 19.968)
]]></system-out>
  </testcase>
</testsuite>